<?xml version="1.0" encoding="UTF-8"?>
<!-- Generated by org.testng.reporters.JUnitReportReporter -->
<testsuite skipped="0" hostname="IGSA937002-PC" name="TestCases.Login" tests="1" failures="0" timestamp="2021-07-16T12:32:31 AEST" time="15.814" errors="0">
  <testcase name="login" time="15.814" classname="TestCases.Login"/>
  <system-out/>
</testsuite> <!-- TestCases.Login -->
