<?xml version="1.0" encoding="UTF-8"?>
<!-- Generated by org.testng.reporters.JUnitReportReporter -->
<testsuite skipped="0" hostname="IGSA937002-PC" name="TestCases.CreateAccount" tests="1" failures="0" timestamp="2021-07-16T12:32:31 AEST" time="7.718" errors="0">
  <testcase name="CreateAccount" time="7.718" classname="TestCases.CreateAccount"/>
  <system-out/>
</testsuite> <!-- TestCases.CreateAccount -->
